OpenCV-android-sdk/sdk/build/intermediates/manifest_merge_blame_file/debug/processDebugManifest/manifest-merger-blame-debug-report.txt
1<?xml version="1.0" encoding="utf-8"?>
2<manifest xmlns:android="http://schemas.android.com/apk/res/android"
3    package="org.opencv" >
4
5    <uses-sdk android:minSdkVersion="21" />
6
7    <uses-permission android:name="android.permission.CAMERA" />
7-->sdk/java/AndroidManifest.xml:5:7-67
7-->sdk/java/AndroidManifest.xml:5:24-64
8
9</manifest>